<?xml version="1.0" encoding="UTF-8"?>
<!-- Generated by org.testng.reporters.JUnitReportReporter -->
<testsuite hostname="KNS006-PC" name="com.tripcaddie.backend.trip.tripController.TripControllerTest" tests="3" failures="0" timestamp="22 Oct 2012 10:13:58 GMT" time="0.195" errors="0">
  <testcase name="createTrip" time="0.010" classname="com.tripcaddie.backend.trip.tripController.TripControllerTest"/>
  <testcase name="testGetTrip" time="0.001" classname="com.tripcaddie.backend.trip.tripController.TripControllerTest"/>
  <testcase name="testGetTrips" time="0.184" classname="com.tripcaddie.backend.trip.tripController.TripControllerTest"/>
</testsuite> <!-- com.tripcaddie.backend.trip.tripController.TripControllerTest -->
